<?xml version="1.0" encoding="UTF-8"?>
<!-- Generated by org.testng.reporters.JUnitXMLReporter -->
<testsuite ignored="0" hostname="DESKTOP-G0IBNG4" failures="6" tests="6" name="Surefire test" time="8.548" errors="0" timestamp="2024-03-18T14:58:53 IST">
  <testcase classname="orangehrmtestlogin.AllEmptyFieldsTest" name="testInvalidUsernameValidPassword" time="0.015">
    <failure type="java.lang.AssertionError" message="LoginPage is null. Initialization failed.">
      <![CDATA[java.lang.AssertionError: LoginPage is null. Initialization failed.
at orangehrmtestlogin.AllEmptyFieldsTest.testInvalidUsernameValidPassword(AllEmptyFieldsTest.java:26)
at java.base/java.util.ArrayList.forEach(ArrayList.java:1511)
... Removed 33 stack frames]]>
    </failure>
  </testcase> <!-- testInvalidUsernameValidPassword -->
  <testcase classname="orangehrmtestlogin.InvalidUsernameAndInvalidPasswordLoginTest" name="testInvalidUsernameAndInvalidPassword" time="0.0">
    <failure type="java.lang.AssertionError" message="LoginPage is null. Initialization failed.">
      <![CDATA[java.lang.AssertionError: LoginPage is null. Initialization failed.
at orangehrmtestlogin.InvalidUsernameAndInvalidPasswordLoginTest.testInvalidUsernameAndInvalidPassword(InvalidUsernameAndInvalidPasswordLoginTest.java:25)
at java.base/java.util.ArrayList.forEach(ArrayList.java:1511)
... Removed 33 stack frames]]>
    </failure>
  </testcase> <!-- testInvalidUsernameAndInvalidPassword -->
  <testcase classname="orangehrmtestlogin.InvalidUsernameAndValidPasswordLoginTest" name="testInvalidUsernameAndValidPassword" time="0.001">
    <failure type="java.lang.AssertionError" message="LoginPage is null. Initialization failed.">
      <![CDATA[java.lang.AssertionError: LoginPage is null. Initialization failed.
at orangehrmtestlogin.InvalidUsernameAndValidPasswordLoginTest.testInvalidUsernameAndValidPassword(InvalidUsernameAndValidPasswordLoginTest.java:24)
at java.base/java.util.ArrayList.forEach(ArrayList.java:1511)
... Removed 33 stack frames]]>
    </failure>
  </testcase> <!-- testInvalidUsernameAndValidPassword -->
  <testcase classname="orangehrmtestlogin.JobTitleFunctionalityTest" name="testJobTitleFunctionality" time="0.001">
    <failure type="java.lang.NullPointerException" message="Cannot invoke &amp;quot;orangehrmtest.common.pages.JobTitlePage.navigateToJobTitle()&amp;quot; because &amp;quot;orangehrmtestlogin.JobTitleFunctionalityTest.jobTitle&amp;quot; is null">
      <![CDATA[java.lang.NullPointerException: Cannot invoke "orangehrmtest.common.pages.JobTitlePage.navigateToJobTitle()" because "orangehrmtestlogin.JobTitleFunctionalityTest.jobTitle" is null
at orangehrmtestlogin.JobTitleFunctionalityTest.testJobTitleFunctionality(JobTitleFunctionalityTest.java:15)
at java.base/java.util.ArrayList.forEach(ArrayList.java:1511)
... Removed 32 stack frames]]>
    </failure>
  </testcase> <!-- testJobTitleFunctionality -->
  <testcase classname="orangehrmtestlogin.ValidUsernameAndInvalidPasswordLoginTest" name="testValidUsernameInvalidPassword" time="0.0">
    <failure type="java.lang.AssertionError" message="LoginPage is null. Initialization failed.">
      <![CDATA[java.lang.AssertionError: LoginPage is null. Initialization failed.
at orangehrmtestlogin.ValidUsernameAndInvalidPasswordLoginTest.testValidUsernameInvalidPassword(ValidUsernameAndInvalidPasswordLoginTest.java:23)
at java.base/java.util.ArrayList.forEach(ArrayList.java:1511)
... Removed 33 stack frames]]>
    </failure>
  </testcase> <!-- testValidUsernameInvalidPassword -->
  <testcase classname="orangehrmtestlogin.ValidUsernameAndValidPasswordTest" name="testValidUsernameInvalidPassword" time="0.001">
    <failure type="java.lang.AssertionError" message="LoginPage is null. Initialization failed.">
      <![CDATA[java.lang.AssertionError: LoginPage is null. Initialization failed.
at orangehrmtestlogin.ValidUsernameAndValidPasswordTest.testValidUsernameInvalidPassword(ValidUsernameAndValidPasswordTest.java:27)
at java.base/java.util.ArrayList.forEach(ArrayList.java:1511)
... Removed 33 stack frames]]>
    </failure>
  </testcase> <!-- testValidUsernameInvalidPassword -->
</testsuite> <!-- Surefire test -->
